<?xml version="1.0" encoding="UTF-8"?>
<testng-results ignored="0" total="1" passed="1" failed="0" skipped="0">
  <reporter-output>
  </reporter-output>
  <suite started-at="2024-05-28T22:01:36 IST" name="Default suite" finished-at="2024-05-28T22:01:51 IST" duration-ms="14723">
    <groups>
    </groups>
    <test started-at="2024-05-28T22:01:36 IST" name="Default test" finished-at="2024-05-28T22:01:51 IST" duration-ms="14723">
      <class name="com.testscrips.TC_002">
        <test-method is-config="true" signature="browserSetup()[pri:0, instance:com.testscrips.TC_002@1189dd52]" started-at="2024-05-28T22:01:36 IST" name="browserSetup" finished-at="2024-05-28T22:01:39 IST" duration-ms="2844" status="PASS">
          <reporter-output>
          </reporter-output>
        </test-method> <!-- browserSetup -->
        <test-method signature="tc_002()[pri:0, instance:com.testscrips.TC_002@1189dd52]" started-at="2024-05-28T22:01:39 IST" name="tc_002" description="Verify Login with valid ESS username and Invalid password" finished-at="2024-05-28T22:01:48 IST" duration-ms="8374" status="PASS">
          <reporter-output>
          </reporter-output>
        </test-method> <!-- tc_002 -->
        <test-method is-config="true" signature="tearDown()[pri:0, instance:com.testscrips.TC_002@1189dd52]" started-at="2024-05-28T22:01:48 IST" name="tearDown" finished-at="2024-05-28T22:01:51 IST" duration-ms="3429" status="PASS">
          <reporter-output>
          </reporter-output>
        </test-method> <!-- tearDown -->
      </class> <!-- com.testscrips.TC_002 -->
    </test> <!-- Default test -->
  </suite> <!-- Default suite -->
</testng-results>
